\BOOKMARK [0][-]{chapter*.2}{Introduction}{}% 1
\BOOKMARK [0][-]{chapter.1}{Project Description}{}% 2
\BOOKMARK [1][-]{section.1.1}{Goal of the Project}{chapter.1}% 3
\BOOKMARK [1][-]{section.1.2}{Completeness of the Project}{chapter.1}% 4
\BOOKMARK [2][-]{subsection.1.2.1}{Place Locating}{section.1.2}% 5
\BOOKMARK [2][-]{subsection.1.2.2}{Place Rating}{section.1.2}% 6
\BOOKMARK [2][-]{subsection.1.2.3}{Routing}{section.1.2}% 7
\BOOKMARK [1][-]{section.1.3}{Overview of the Project}{chapter.1}% 8
\BOOKMARK [1][-]{section.1.4}{Dataset Introduction}{chapter.1}% 9
\BOOKMARK [1][-]{section.1.5}{Completeness of the Project}{chapter.1}% 10
\BOOKMARK [1][-]{section.1.6}{Dependencies}{chapter.1}% 11
\BOOKMARK [0][-]{chapter.2}{Code Design and Structure}{}% 12
\BOOKMARK [1][-]{section.2.1}{Data Manipulation}{chapter.2}% 13
\BOOKMARK [1][-]{section.2.2}{Algorithm and Routing}{chapter.2}% 14
\BOOKMARK [2][-]{subsection.2.2.1}{ MyGraphBuilder Class:}{section.2.2}% 15
\BOOKMARK [2][-]{subsection.2.2.2}{ MyAlgorithm Class:}{section.2.2}% 16
\BOOKMARK [2][-]{subsection.2.2.3}{ ShortPath Class:}{section.2.2}% 17
\BOOKMARK [1][-]{section.2.3}{Data Manipulation}{chapter.2}% 18
\BOOKMARK [1][-]{section.2.4}{Rendering}{chapter.2}% 19
\BOOKMARK [1][-]{section.2.5}{Routing}{chapter.2}% 20
\BOOKMARK [1][-]{section.2.6}{GUI}{chapter.2}% 21
\BOOKMARK [2][-]{subsection.2.6.1}{Rendering}{section.2.6}% 22
\BOOKMARK [2][-]{subsection.2.6.2}{Widget}{section.2.6}% 23
\BOOKMARK [1][-]{section.2.7}{Difficulties during implementation:}{chapter.2}% 24
\BOOKMARK [2][-]{subsection.2.7.1}{Difficulties we got rid of it:}{section.2.7}% 25
\BOOKMARK [2][-]{subsection.2.7.2}{Difficulties we can solve, but it needs more time:}{section.2.7}% 26
\BOOKMARK [2][-]{subsection.2.7.3}{Unexpected Difficulties}{section.2.7}% 27
\BOOKMARK [0][-]{chapter.3}{Project Management}{}% 28
\BOOKMARK [1][-]{section.3.1}{Overview of the Project Planning}{chapter.3}% 29
\BOOKMARK [1][-]{section.3.2}{Work schedules}{chapter.3}% 30
\BOOKMARK [2][-]{subsection.3.2.1}{Belal schedule}{section.3.2}% 31
\BOOKMARK [2][-]{subsection.3.2.2}{Deng schedule}{section.3.2}% 32
\BOOKMARK [1][-]{section.3.3}{Plans VS Actual}{chapter.3}% 33
\BOOKMARK [1][-]{section.3.4}{Conclusion}{chapter.3}% 34
\BOOKMARK [0][-]{chapter.4}{Summary}{}% 35
